Start testing: May 08 20:32 +07
----------------------------------------------------------
1/9 Testing: BitArrayTest.Throws
1/9 Test: BitArrayTest.Throws
Command: "/home/aboba/Загрузки/UPPRPO/build/tests/hello_test2" "--gtest_filter=BitArrayTest.Throws" "--gtest_also_run_disabled_tests"
Directory: /home/aboba/Загрузки/UPPRPO/build/tests
"BitArrayTest.Throws" start time: May 08 20:32 +07
Output:
----------------------------------------------------------
Running main() from /home/aboba/Загрузки/UPPRPO/build/_deps/googletest-src/googletest/src/gtest_main.cc
Note: Google Test filter = BitArrayTest.Throws
[==========] Running 1 test from 1 test suite.
[----------] Global test environment set-up.
[----------] 1 test from BitArrayTest
[ RUN      ] BitArrayTest.Throws
[       OK ] BitArrayTest.Throws (0 ms)
[----------] 1 test from BitArrayTest (0 ms total)

[----------] Global test environment tear-down
[==========] 1 test from 1 test suite ran. (0 ms total)
[  PASSED  ] 1 test.
<end of output>
Test time =   0.00 sec
----------------------------------------------------------
Test Passed.
"BitArrayTest.Throws" end time: May 08 20:32 +07
"BitArrayTest.Throws" time elapsed: 00:00:00
----------------------------------------------------------

2/9 Testing: BitArrayTest.Constructors
2/9 Test: BitArrayTest.Constructors
Command: "/home/aboba/Загрузки/UPPRPO/build/tests/hello_test2" "--gtest_filter=BitArrayTest.Constructors" "--gtest_also_run_disabled_tests"
Directory: /home/aboba/Загрузки/UPPRPO/build/tests
"BitArrayTest.Constructors" start time: May 08 20:32 +07
Output:
----------------------------------------------------------
Running main() from /home/aboba/Загрузки/UPPRPO/build/_deps/googletest-src/googletest/src/gtest_main.cc
Note: Google Test filter = BitArrayTest.Constructors
[==========] Running 1 test from 1 test suite.
[----------] Global test environment set-up.
[----------] 1 test from BitArrayTest
[ RUN      ] BitArrayTest.Constructors
[       OK ] BitArrayTest.Constructors (0 ms)
[----------] 1 test from BitArrayTest (0 ms total)

[----------] Global test environment tear-down
[==========] 1 test from 1 test suite ran. (0 ms total)
[  PASSED  ] 1 test.
<end of output>
Test time =   0.00 sec
----------------------------------------------------------
Test Passed.
"BitArrayTest.Constructors" end time: May 08 20:32 +07
"BitArrayTest.Constructors" time elapsed: 00:00:00
----------------------------------------------------------

3/9 Testing: BitArrayTest.Swap
3/9 Test: BitArrayTest.Swap
Command: "/home/aboba/Загрузки/UPPRPO/build/tests/hello_test2" "--gtest_filter=BitArrayTest.Swap" "--gtest_also_run_disabled_tests"
Directory: /home/aboba/Загрузки/UPPRPO/build/tests
"BitArrayTest.Swap" start time: May 08 20:32 +07
Output:
----------------------------------------------------------
Running main() from /home/aboba/Загрузки/UPPRPO/build/_deps/googletest-src/googletest/src/gtest_main.cc
Note: Google Test filter = BitArrayTest.Swap
[==========] Running 1 test from 1 test suite.
[----------] Global test environment set-up.
[----------] 1 test from BitArrayTest
[ RUN      ] BitArrayTest.Swap
[       OK ] BitArrayTest.Swap (0 ms)
[----------] 1 test from BitArrayTest (0 ms total)

[----------] Global test environment tear-down
[==========] 1 test from 1 test suite ran. (0 ms total)
[  PASSED  ] 1 test.
<end of output>
Test time =   0.00 sec
----------------------------------------------------------
Test Passed.
"BitArrayTest.Swap" end time: May 08 20:32 +07
"BitArrayTest.Swap" time elapsed: 00:00:00
----------------------------------------------------------

4/9 Testing: BitArrayTest.ClearAndEmpty
4/9 Test: BitArrayTest.ClearAndEmpty
Command: "/home/aboba/Загрузки/UPPRPO/build/tests/hello_test2" "--gtest_filter=BitArrayTest.ClearAndEmpty" "--gtest_also_run_disabled_tests"
Directory: /home/aboba/Загрузки/UPPRPO/build/tests
"BitArrayTest.ClearAndEmpty" start time: May 08 20:32 +07
Output:
----------------------------------------------------------
Running main() from /home/aboba/Загрузки/UPPRPO/build/_deps/googletest-src/googletest/src/gtest_main.cc
Note: Google Test filter = BitArrayTest.ClearAndEmpty
[==========] Running 1 test from 1 test suite.
[----------] Global test environment set-up.
[----------] 1 test from BitArrayTest
[ RUN      ] BitArrayTest.ClearAndEmpty
[       OK ] BitArrayTest.ClearAndEmpty (0 ms)
[----------] 1 test from BitArrayTest (0 ms total)

[----------] Global test environment tear-down
[==========] 1 test from 1 test suite ran. (0 ms total)
[  PASSED  ] 1 test.
<end of output>
Test time =   0.00 sec
----------------------------------------------------------
Test Passed.
"BitArrayTest.ClearAndEmpty" end time: May 08 20:32 +07
"BitArrayTest.ClearAndEmpty" time elapsed: 00:00:00
----------------------------------------------------------

5/9 Testing: BitArrayTest.Resize
5/9 Test: BitArrayTest.Resize
Command: "/home/aboba/Загрузки/UPPRPO/build/tests/hello_test2" "--gtest_filter=BitArrayTest.Resize" "--gtest_also_run_disabled_tests"
Directory: /home/aboba/Загрузки/UPPRPO/build/tests
"BitArrayTest.Resize" start time: May 08 20:32 +07
Output:
----------------------------------------------------------
Running main() from /home/aboba/Загрузки/UPPRPO/build/_deps/googletest-src/googletest/src/gtest_main.cc
Note: Google Test filter = BitArrayTest.Resize
[==========] Running 1 test from 1 test suite.
[----------] Global test environment set-up.
[----------] 1 test from BitArrayTest
[ RUN      ] BitArrayTest.Resize
[       OK ] BitArrayTest.Resize (0 ms)
[----------] 1 test from BitArrayTest (0 ms total)

[----------] Global test environment tear-down
[==========] 1 test from 1 test suite ran. (0 ms total)
[  PASSED  ] 1 test.
<end of output>
Test time =   0.00 sec
----------------------------------------------------------
Test Passed.
"BitArrayTest.Resize" end time: May 08 20:32 +07
"BitArrayTest.Resize" time elapsed: 00:00:00
----------------------------------------------------------

6/9 Testing: BitArrayTest.PushBack
6/9 Test: BitArrayTest.PushBack
Command: "/home/aboba/Загрузки/UPPRPO/build/tests/hello_test2" "--gtest_filter=BitArrayTest.PushBack" "--gtest_also_run_disabled_tests"
Directory: /home/aboba/Загрузки/UPPRPO/build/tests
"BitArrayTest.PushBack" start time: May 08 20:32 +07
Output:
----------------------------------------------------------
Running main() from /home/aboba/Загрузки/UPPRPO/build/_deps/googletest-src/googletest/src/gtest_main.cc
Note: Google Test filter = BitArrayTest.PushBack
[==========] Running 1 test from 1 test suite.
[----------] Global test environment set-up.
[----------] 1 test from BitArrayTest
[ RUN      ] BitArrayTest.PushBack
[       OK ] BitArrayTest.PushBack (0 ms)
[----------] 1 test from BitArrayTest (0 ms total)

[----------] Global test environment tear-down
[==========] 1 test from 1 test suite ran. (0 ms total)
[  PASSED  ] 1 test.
<end of output>
Test time =   0.00 sec
----------------------------------------------------------
Test Passed.
"BitArrayTest.PushBack" end time: May 08 20:32 +07
"BitArrayTest.PushBack" time elapsed: 00:00:00
----------------------------------------------------------

7/9 Testing: BitArrayTest.Set
7/9 Test: BitArrayTest.Set
Command: "/home/aboba/Загрузки/UPPRPO/build/tests/hello_test2" "--gtest_filter=BitArrayTest.Set" "--gtest_also_run_disabled_tests"
Directory: /home/aboba/Загрузки/UPPRPO/build/tests
"BitArrayTest.Set" start time: May 08 20:32 +07
Output:
----------------------------------------------------------
Running main() from /home/aboba/Загрузки/UPPRPO/build/_deps/googletest-src/googletest/src/gtest_main.cc
Note: Google Test filter = BitArrayTest.Set
[==========] Running 1 test from 1 test suite.
[----------] Global test environment set-up.
[----------] 1 test from BitArrayTest
[ RUN      ] BitArrayTest.Set
[       OK ] BitArrayTest.Set (0 ms)
[----------] 1 test from BitArrayTest (0 ms total)

[----------] Global test environment tear-down
[==========] 1 test from 1 test suite ran. (0 ms total)
[  PASSED  ] 1 test.
<end of output>
Test time =   0.00 sec
----------------------------------------------------------
Test Passed.
"BitArrayTest.Set" end time: May 08 20:32 +07
"BitArrayTest.Set" time elapsed: 00:00:00
----------------------------------------------------------

8/9 Testing: BitArrayTest.Reset
8/9 Test: BitArrayTest.Reset
Command: "/home/aboba/Загрузки/UPPRPO/build/tests/hello_test2" "--gtest_filter=BitArrayTest.Reset" "--gtest_also_run_disabled_tests"
Directory: /home/aboba/Загрузки/UPPRPO/build/tests
"BitArrayTest.Reset" start time: May 08 20:32 +07
Output:
----------------------------------------------------------
Running main() from /home/aboba/Загрузки/UPPRPO/build/_deps/googletest-src/googletest/src/gtest_main.cc
Note: Google Test filter = BitArrayTest.Reset
[==========] Running 1 test from 1 test suite.
[----------] Global test environment set-up.
[----------] 1 test from BitArrayTest
[ RUN      ] BitArrayTest.Reset
[       OK ] BitArrayTest.Reset (0 ms)
[----------] 1 test from BitArrayTest (0 ms total)

[----------] Global test environment tear-down
[==========] 1 test from 1 test suite ran. (0 ms total)
[  PASSED  ] 1 test.
<end of output>
Test time =   0.00 sec
----------------------------------------------------------
Test Passed.
"BitArrayTest.Reset" end time: May 08 20:32 +07
"BitArrayTest.Reset" time elapsed: 00:00:00
----------------------------------------------------------

9/9 Testing: BitArrayTest.ExistenceOfTrue
9/9 Test: BitArrayTest.ExistenceOfTrue
Command: "/home/aboba/Загрузки/UPPRPO/build/tests/hello_test2" "--gtest_filter=BitArrayTest.ExistenceOfTrue" "--gtest_also_run_disabled_tests"
Directory: /home/aboba/Загрузки/UPPRPO/build/tests
"BitArrayTest.ExistenceOfTrue" start time: May 08 20:32 +07
Output:
----------------------------------------------------------
Running main() from /home/aboba/Загрузки/UPPRPO/build/_deps/googletest-src/googletest/src/gtest_main.cc
Note: Google Test filter = BitArrayTest.ExistenceOfTrue
[==========] Running 1 test from 1 test suite.
[----------] Global test environment set-up.
[----------] 1 test from BitArrayTest
[ RUN      ] BitArrayTest.ExistenceOfTrue
[       OK ] BitArrayTest.ExistenceOfTrue (0 ms)
[----------] 1 test from BitArrayTest (0 ms total)

[----------] Global test environment tear-down
[==========] 1 test from 1 test suite ran. (0 ms total)
[  PASSED  ] 1 test.
<end of output>
Test time =   0.00 sec
----------------------------------------------------------
Test Passed.
"BitArrayTest.ExistenceOfTrue" end time: May 08 20:32 +07
"BitArrayTest.ExistenceOfTrue" time elapsed: 00:00:00
----------------------------------------------------------

End testing: May 08 20:32 +07
